Kotlin/BilibiliKotlin/app/build/intermediates/manifest_merge_blame_file/debug/manifest-merger-blame-debug-report.txt
1<?xml version="1.0" encoding="utf-8"?>
2<manifest xmlns:android="http://schemas.android.com/apk/res/android"
3    package="com.example.bilibilikotlin"
4    android:versionCode="1"
5    android:versionName="1.0" >
6
7    <uses-sdk
8        android:minSdkVersion="23"
8-->src/main/AndroidManifest.xml
9        android:targetSdkVersion="28" />
9-->src/main/AndroidManifest.xml
10
11    <uses-permission android:name="android.permission.INTERNET" />
11-->src/main/AndroidManifest.xml:5:5-66
11-->src/main/AndroidManifest.xml:5:22-64
12    <uses-permission android:name="android.permission.ACCESS_WIFI_STATE" />
12-->src/main/AndroidManifest.xml:7:5-75
12-->src/main/AndroidManifest.xml:7:22-73
13    <uses-permission android:name="android.permission.ACCESS_NETWORK_STATE" />
13-->src/main/AndroidManifest.xml:8:5-78
13-->src/main/AndroidManifest.xml:8:22-76
14
15    <application
15-->src/main/AndroidManifest.xml:9:5-33:19
16        android:name="com.example.bilibilikotlin.App"
16-->src/main/AndroidManifest.xml:10:9-28
17        android:allowBackup="true"
17-->src/main/AndroidManifest.xml:11:9-35
18        android:appComponentFactory="androidx.core.app.CoreComponentFactory"
18-->[androidx.core:core:1.1.0] AndroidManifest.xml:24:18-86
19        android:debuggable="true"
20        android:icon="@mipmap/ic_launcher"
20-->src/main/AndroidManifest.xml:12:9-43
21        android:label="@string/app_name"
21-->src/main/AndroidManifest.xml:13:9-41
22        android:networkSecurityConfig="@xml/network_security_config"
22-->src/main/AndroidManifest.xml:17:9-69
23        android:roundIcon="@mipmap/ic_launcher_round"
23-->src/main/AndroidManifest.xml:14:9-54
24        android:supportsRtl="true"
24-->src/main/AndroidManifest.xml:15:9-35
25        android:testOnly="true"
26        android:theme="@style/BaseAppTheme" >
26-->src/main/AndroidManifest.xml:16:9-44
27        <activity android:name="com.example.bilibilikotlin.module.app.SplashActivity" >
27-->src/main/AndroidManifest.xml:18:9-24:20
27-->src/main/AndroidManifest.xml:18:19-60
28            <intent-filter>
28-->src/main/AndroidManifest.xml:19:13-23:29
29                <action android:name="android.intent.action.MAIN" />
29-->src/main/AndroidManifest.xml:20:17-69
29-->src/main/AndroidManifest.xml:20:25-66
30
31                <category android:name="android.intent.category.LAUNCHER" />
31-->src/main/AndroidManifest.xml:22:17-77
31-->src/main/AndroidManifest.xml:22:27-74
32            </intent-filter>
33        </activity>
34        <activity android:name="com.example.bilibilikotlin.module.app.MainActivity" />
34-->src/main/AndroidManifest.xml:26:9-61
34-->src/main/AndroidManifest.xml:26:19-58
35        <activity android:name="com.example.bilibilikotlin.module.app.LoginActivity" />
35-->src/main/AndroidManifest.xml:28:9-62
35-->src/main/AndroidManifest.xml:28:19-59
36        <activity android:name="com.example.bilibilikotlin.module.app.video.VideoDetailActivity" />
36-->src/main/AndroidManifest.xml:30:9-74
36-->src/main/AndroidManifest.xml:30:19-71
37        <activity android:name="com.example.bilibilikotlin.module.app.video.VideoPlayerActivity" />
37-->src/main/AndroidManifest.xml:32:9-74
37-->src/main/AndroidManifest.xml:32:19-71
38    </application>
39
40</manifest>